<?xml version="1.0" encoding="UTF-8"?>
<!-- Generated by org.testng.reporters.JUnitXMLReporter -->
<testsuite hostname="LAPTOP-PNIELADA" ignored="0" name="Test" tests="8" failures="0" timestamp="2022-02-15T19:14:07 IST" time="33.732" errors="0">
  <testcase name="testCheckBoxes" time="1.175" classname="uiautomation.TestClass"/>
  <testcase name="testDropdown" time="1.068" classname="uiautomation.TestClass"/>
  <testcase name="testFormAuthentication" time="4.562" classname="uiautomation.TestClass"/>
  <testcase name="testFormAuthentication2" time="1.95" classname="uiautomation.TestClass"/>
  <testcase name="testFormAuthentication2" time="2.215" classname="uiautomation.TestClass"/>
  <testcase name="testFormAuthentication2" time="2.265" classname="uiautomation.TestClass"/>
  <testcase name="testInputs" time="0.976" classname="uiautomation.TestClass"/>
  <testcase name="testTables" time="1.699" classname="uiautomation.TestClass"/>
</testsuite> <!-- Test -->
